<?xml version="1.0" encoding="UTF-8"?>
<!-- Generated by org.testng.reporters.JUnitReportReporter -->
<testsuite hostname="NOI-73JS6C2" name="com.esave.mail.NewTest" tests="1" failures="0" timestamp="6 Apr 2017 20:14:58 GMT" time="12.692" errors="0">
  <testcase name="f" time="12.692" classname="com.esave.mail.NewTest"/>
</testsuite> <!-- com.esave.mail.NewTest -->
