<?xml version="1.0" encoding="UTF-8"?>
<!-- Generated by org.testng.reporters.JUnitReportReporter -->
<testsuite hostname="NOI-73JS6C2" name="com.esave.common.selenium.SeleniumItradeIO" tests="1" failures="0" timestamp="22 Mar 2017 11:31:44 GMT" time="45.361" errors="0">
  <testcase name="startUp" time="45.361" classname="com.esave.common.selenium.SeleniumItradeIO"/>
</testsuite> <!-- com.esave.common.selenium.SeleniumItradeIO -->
