<?xml version="1.0" encoding="UTF-8"?>
<!-- Generated by org.testng.reporters.JUnitReportReporter -->
<testsuite hostname="NOI-73JS6C2" name="com.esave.mail.StartJob" tests="1" failures="0" timestamp="20 Mar 2017 20:24:54 GMT" time="26.928" errors="0">
  <testcase name="f" time="26.928" classname="com.esave.mail.StartJob"/>
</testsuite> <!-- com.esave.mail.StartJob -->
