<?xml version="1.0" encoding="UTF-8"?>
<!-- Generated by org.testng.reporters.JUnitReportReporter -->
<testsuite hostname="NOI-73JS6C2" name="com.esave.mail.NewTest" tests="1" failures="0" timestamp="26 Mar 2017 12:31:11 GMT" time="10.031" errors="0">
  <testcase name="f" time="10.031" classname="com.esave.mail.NewTest"/>
</testsuite> <!-- com.esave.mail.NewTest -->
